<?xml version="1.0" encoding="UTF-8"?>
<testsuite name="com.econovation.rere.repository.UserCardBookRepositoryTest" tests="1" skipped="0" failures="0" errors="0" timestamp="2023-12-31T05:31:25" hostname="gimjongmin-ui-MacBookAir.local" time="0.209">
  <properties/>
  <testcase name="testUserCardBookSelect()" classname="com.econovation.rere.repository.UserCardBookRepositoryTest" time="0.209"/>
  <system-out><![CDATA[14:31:22.182 [Test worker] DEBUG org.springframework.test.context.BootstrapUtils - Instantiating CacheAwareContextLoaderDelegate from class [org.springframework.test.context.cache.DefaultCacheAwareContextLoaderDelegate]
14:31:22.189 [Test worker] DEBUG org.springframework.test.context.BootstrapUtils - Instantiating BootstrapContext using constructor [public org.springframework.test.context.support.DefaultBootstrapContext(java.lang.Class,org.springframework.test.context.CacheAwareContextLoaderDelegate)]
14:31:22.210 [Test worker] DEBUG org.springframework.test.context.BootstrapUtils - Instantiating TestContextBootstrapper for test class [com.econovation.rere.repository.UserCardBookRepositoryTest] from class [org.springframework.boot.test.context.SpringBootTestContextBootstrapper]
14:31:22.218 [Test worker] INFO org.springframework.boot.test.context.SpringBootTestContextBootstrapper - Neither @ContextConfiguration nor @ContextHierarchy found for test class [com.econovation.rere.repository.UserCardBookRepositoryTest], using SpringBootContextLoader
14:31:22.220 [Test worker] DEBUG org.springframework.test.context.support.AbstractContextLoader - Did not detect default resource location for test class [com.econovation.rere.repository.UserCardBookRepositoryTest]: class path resource [com/econovation/rere/repository/UserCardBookRepositoryTest-context.xml] does not exist
14:31:22.220 [Test worker] DEBUG org.springframework.test.context.support.AbstractContextLoader - Did not detect default resource location for test class [com.econovation.rere.repository.UserCardBookRepositoryTest]: class path resource [com/econovation/rere/repository/UserCardBookRepositoryTestContext.groovy] does not exist
14:31:22.220 [Test worker] INFO org.springframework.test.context.support.AbstractContextLoader - Could not detect default resource locations for test class [com.econovation.rere.repository.UserCardBookRepositoryTest]: no resource found for suffixes {-context.xml, Context.groovy}.
14:31:22.221 [Test worker] INFO org.springframework.test.context.support.AnnotationConfigContextLoaderUtils - Could not detect default configuration classes for test class [com.econovation.rere.repository.UserCardBookRepositoryTest]: UserCardBookRepositoryTest does not declare any static, non-private, non-final, nested classes annotated with @Configuration.
14:31:22.252 [Test worker] DEBUG org.springframework.test.context.support.ActiveProfilesUtils - Could not find an 'annotation declaring class' for annotation type [org.springframework.test.context.ActiveProfiles] and class [com.econovation.rere.repository.UserCardBookRepositoryTest]
14:31:22.302 [Test worker] DEBUG org.springframework.context.annotation.ClassPathScanningCandidateComponentProvider - Identified candidate component class: file [/Users/kimjongmin/Library/Mobile Documents/com~apple~CloudDocs/대학/에코노베이션/Project/ReRe/BE/build/classes/java/main/com/econovation/rere/RereApplication.class]
14:31:22.303 [Test worker] INFO org.springframework.boot.test.context.SpringBootTestContextBootstrapper - Found @SpringBootConfiguration com.econovation.rere.RereApplication for test class com.econovation.rere.repository.UserCardBookRepositoryTest
14:31:22.369 [Test worker] DEBUG org.springframework.boot.test.context.SpringBootTestContextBootstrapper - @TestExecutionListeners is not present for class [com.econovation.rere.repository.UserCardBookRepositoryTest]: using defaults.
14:31:22.370 [Test worker] INFO org.springframework.boot.test.context.SpringBootTestContextBootstrapper - Loaded default TestExecutionListener class names from location [META-INF/spring.factories]: [org.springframework.boot.test.autoconfigure.restdocs.RestDocsTestExecutionListener, org.springframework.boot.test.autoconfigure.web.client.MockRestServiceServerResetTestExecutionListener, org.springframework.boot.test.autoconfigure.web.servlet.MockMvcPrintOnlyOnFailureTestExecutionListener, org.springframework.boot.test.autoconfigure.web.servlet.WebDriverTestExecutionListener, org.springframework.boot.test.autoconfigure.webservices.client.MockWebServiceServerTestExecutionListener, org.springframework.boot.test.mock.mockito.MockitoTestExecutionListener, org.springframework.boot.test.mock.mockito.ResetMocksTestExecutionListener, org.springframework.test.context.web.ServletTestExecutionListener, org.springframework.test.context.support.DirtiesContextBeforeModesTestExecutionListener, org.springframework.test.context.event.ApplicationEventsTestExecutionListener, org.springframework.test.context.support.DependencyInjectionTestExecutionListener, org.springframework.test.context.support.DirtiesContextTestExecutionListener, org.springframework.test.context.transaction.TransactionalTestExecutionListener, org.springframework.test.context.jdbc.SqlScriptsTestExecutionListener, org.springframework.test.context.event.EventPublishingTestExecutionListener]
14:31:22.385 [Test worker] INFO org.springframework.boot.test.context.SpringBootTestContextBootstrapper - Using TestExecutionListeners: [org.springframework.test.context.web.ServletTestExecutionListener@21aa6d6c, org.springframework.test.context.support.DirtiesContextBeforeModesTestExecutionListener@b968a76, org.springframework.test.context.event.ApplicationEventsTestExecutionListener@2f9a01c1, org.springframework.boot.test.mock.mockito.MockitoTestExecutionListener@2611b9a3, org.springframework.boot.test.autoconfigure.SpringBootDependencyInjectionTestExecutionListener@54227100, org.springframework.test.context.support.DirtiesContextTestExecutionListener@6b5894c8, org.springframework.test.context.transaction.TransactionalTestExecutionListener@1433046b, org.springframework.test.context.jdbc.SqlScriptsTestExecutionListener@3f446bef, org.springframework.test.context.event.EventPublishingTestExecutionListener@7829b776, org.springframework.boot.test.autoconfigure.restdocs.RestDocsTestExecutionListener@5778826f, org.springframework.boot.test.autoconfigure.web.client.MockRestServiceServerResetTestExecutionListener@5b64c4b7, org.springframework.boot.test.autoconfigure.web.servlet.MockMvcPrintOnlyOnFailureTestExecutionListener@4763c727, org.springframework.boot.test.autoconfigure.web.servlet.WebDriverTestExecutionListener@72445aba, org.springframework.boot.test.autoconfigure.webservices.client.MockWebServiceServerTestExecutionListener@61bcd567, org.springframework.boot.test.mock.mockito.ResetMocksTestExecutionListener@1c80e49b]
14:31:22.389 [Test worker] DEBUG org.springframework.test.context.support.AbstractDirtiesContextTestExecutionListener - Before test class: context [DefaultTestContext@773f7880 testClass = UserCardBookRepositoryTest, testInstance = [null], testMethod = [null], testException = [null], mergedContextConfiguration = [WebMergedContextConfiguration@878452d testClass = UserCardBookRepositoryTest, locations = '{}', classes = '{class com.econovation.rere.RereApplication}', contextInitializerClasses = '[]', activeProfiles = '{}', propertySourceLocations = '{}', propertySourceProperties = '{org.springframework.boot.test.context.SpringBootTestContextBootstrapper=true}', contextCustomizers = set[org.springframework.boot.test.autoconfigure.actuate.metrics.MetricsExportContextCustomizerFactory$DisableMetricExportContextCustomizer@363a52f, org.springframework.boot.test.autoconfigure.properties.PropertyMappingContextCustomizer@0, org.springframework.boot.test.autoconfigure.web.servlet.WebDriverContextCustomizerFactory$Customizer@1e097d59, org.springframework.boot.test.context.filter.ExcludeFilterContextCustomizer@54e7df6a, org.springframework.boot.test.json.DuplicateJsonObjectContextCustomizerFactory$DuplicateJsonObjectContextCustomizer@64bce832, org.springframework.boot.test.mock.mockito.MockitoContextCustomizer@0, org.springframework.boot.test.web.client.TestRestTemplateContextCustomizer@45312be2, org.springframework.boot.test.context.SpringBootTestArgs@1, org.springframework.boot.test.context.SpringBootTestWebEnvironment@1d8bd0de], resourceBasePath = 'src/main/webapp', contextLoader = 'org.springframework.boot.test.context.SpringBootContextLoader', parent = [null]], attributes = map['org.springframework.test.context.web.ServletTestExecutionListener.activateListener' -> true]], class annotated with @DirtiesContext [false] with mode [null].

  .   ____          _            __ _ _
 /\\ / ___'_ __ _ _(_)_ __  __ _ \ \ \ \
( ( )\___ | '_ | '_| | '_ \/ _` | \ \ \ \
 \\/  ___)| |_)| | | | | || (_| |  ) ) ) )
  '  |____| .__|_| |_|_| |_\__, | / / / /
 =========|_|==============|___/=/_/_/_/
 :: Spring Boot ::               (v2.7.12)

2023-12-31 14:31:22.703  INFO 66739 --- [    Test worker] c.e.r.r.UserCardBookRepositoryTest       : Starting UserCardBookRepositoryTest using Java 17.0.9 on gimjongmin-ui-MacBookAir.local with PID 66739 (started by kimjongmin in /Users/kimjongmin/Library/Mobile Documents/com~apple~CloudDocs/대학/에코노베이션/Project/ReRe/BE)
2023-12-31 14:31:22.704  INFO 66739 --- [    Test worker] c.e.r.r.UserCardBookRepositoryTest       : No active profile set, falling back to 1 default profile: "default"
2023-12-31 14:31:23.109  INFO 66739 --- [    Test worker] .s.d.r.c.RepositoryConfigurationDelegate : Multiple Spring Data modules found, entering strict repository configuration mode
2023-12-31 14:31:23.110  INFO 66739 --- [    Test worker] .s.d.r.c.RepositoryConfigurationDelegate : Bootstrapping Spring Data JDBC repositories in DEFAULT mode.
2023-12-31 14:31:23.128  INFO 66739 --- [    Test worker] .RepositoryConfigurationExtensionSupport : Spring Data JDBC - Could not safely identify store assignment for repository candidate interface com.econovation.rere.repository.BlindCardRepository; If you want this repository to be a JDBC repository, consider annotating your entities with one of these annotations: org.springframework.data.relational.core.mapping.Table.
2023-12-31 14:31:23.129  INFO 66739 --- [    Test worker] .RepositoryConfigurationExtensionSupport : Spring Data JDBC - Could not safely identify store assignment for repository candidate interface com.econovation.rere.repository.CardBookRepository; If you want this repository to be a JDBC repository, consider annotating your entities with one of these annotations: org.springframework.data.relational.core.mapping.Table.
2023-12-31 14:31:23.130  INFO 66739 --- [    Test worker] .RepositoryConfigurationExtensionSupport : Spring Data JDBC - Could not safely identify store assignment for repository candidate interface com.econovation.rere.repository.CardRepository; If you want this repository to be a JDBC repository, consider annotating your entities with one of these annotations: org.springframework.data.relational.core.mapping.Table.
2023-12-31 14:31:23.131  INFO 66739 --- [    Test worker] .RepositoryConfigurationExtensionSupport : Spring Data JDBC - Could not safely identify store assignment for repository candidate interface com.econovation.rere.repository.StudyCompleteRepository; If you want this repository to be a JDBC repository, consider annotating your entities with one of these annotations: org.springframework.data.relational.core.mapping.Table.
2023-12-31 14:31:23.132  INFO 66739 --- [    Test worker] .RepositoryConfigurationExtensionSupport : Spring Data JDBC - Could not safely identify store assignment for repository candidate interface com.econovation.rere.repository.ThemeRepository; If you want this repository to be a JDBC repository, consider annotating your entities with one of these annotations: org.springframework.data.relational.core.mapping.Table.
2023-12-31 14:31:23.132  INFO 66739 --- [    Test worker] .RepositoryConfigurationExtensionSupport : Spring Data JDBC - Could not safely identify store assignment for repository candidate interface com.econovation.rere.repository.UserCardBookRepository; If you want this repository to be a JDBC repository, consider annotating your entities with one of these annotations: org.springframework.data.relational.core.mapping.Table.
2023-12-31 14:31:23.133  INFO 66739 --- [    Test worker] .RepositoryConfigurationExtensionSupport : Spring Data JDBC - Could not safely identify store assignment for repository candidate interface com.econovation.rere.repository.UserRepository; If you want this repository to be a JDBC repository, consider annotating your entities with one of these annotations: org.springframework.data.relational.core.mapping.Table.
2023-12-31 14:31:23.133  INFO 66739 --- [    Test worker] .s.d.r.c.RepositoryConfigurationDelegate : Finished Spring Data repository scanning in 20 ms. Found 0 JDBC repository interfaces.
2023-12-31 14:31:23.140  INFO 66739 --- [    Test worker] .s.d.r.c.RepositoryConfigurationDelegate : Multiple Spring Data modules found, entering strict repository configuration mode
2023-12-31 14:31:23.141  INFO 66739 --- [    Test worker] .s.d.r.c.RepositoryConfigurationDelegate : Bootstrapping Spring Data JPA repositories in DEFAULT mode.
2023-12-31 14:31:23.167  INFO 66739 --- [    Test worker] .s.d.r.c.RepositoryConfigurationDelegate : Finished Spring Data repository scanning in 24 ms. Found 7 JPA repository interfaces.
2023-12-31 14:31:23.528  INFO 66739 --- [    Test worker] com.zaxxer.hikari.HikariDataSource       : HikariPool-1 - Starting...
2023-12-31 14:31:23.803  INFO 66739 --- [    Test worker] com.zaxxer.hikari.HikariDataSource       : HikariPool-1 - Start completed.
2023-12-31 14:31:23.949  INFO 66739 --- [    Test worker] o.hibernate.jpa.internal.util.LogHelper  : HHH000204: Processing PersistenceUnitInfo [name: default]
2023-12-31 14:31:23.994  INFO 66739 --- [    Test worker] org.hibernate.Version                    : HHH000412: Hibernate ORM core version 5.6.15.Final
2023-12-31 14:31:24.163  INFO 66739 --- [    Test worker] o.hibernate.annotations.common.Version   : HCANN000001: Hibernate Commons Annotations {5.1.2.Final}
2023-12-31 14:31:24.237  INFO 66739 --- [    Test worker] org.hibernate.dialect.Dialect            : HHH000400: Using dialect: org.hibernate.dialect.MySQL57Dialect
2023-12-31 14:31:24.749  INFO 66739 --- [    Test worker] o.h.e.t.j.p.i.JtaPlatformInitiator       : HHH000490: Using JtaPlatform implementation: [org.hibernate.engine.transaction.jta.platform.internal.NoJtaPlatform]
2023-12-31 14:31:24.756  INFO 66739 --- [    Test worker] j.LocalContainerEntityManagerFactoryBean : Initialized JPA EntityManagerFactory for persistence unit 'default'
2023-12-31 14:31:25.658  INFO 66739 --- [    Test worker] s.a.ScheduledAnnotationBeanPostProcessor : No TaskScheduler/ScheduledExecutorService bean found for scheduled processing
2023-12-31 14:31:25.663  INFO 66739 --- [    Test worker] c.e.r.r.UserCardBookRepositoryTest       : Started UserCardBookRepositoryTest in 3.25 seconds (JVM running for 3.962)
Hibernate: select user0_.user_id as user_id1_6_, user0_.login_id as login_id2_6_, user0_.nickname as nickname3_6_, user0_.pw as pw4_6_ from user user0_ where user0_.nickname=?
Hibernate: select usercardbo0_.user_card_book_id as user_car1_7_, usercardbo0_.card_book_cardbook_id as card_boo3_7_, usercardbo0_.choose_date as choose_d2_7_, usercardbo0_.user_user_id as user_use4_7_ from user_card_book usercardbo0_ where usercardbo0_.user_user_id=?
Hibernate: select cardbook0_.cardbook_id as cardbook1_2_0_, cardbook0_.create_date as create_d2_2_0_, cardbook0_.name as name3_2_0_, cardbook0_.scrap_cnt as scrap_cn4_2_0_, cardbook0_.update_date as update_d5_2_0_, cardbook0_.writer as writer6_2_0_ from card_book cardbook0_ where cardbook0_.cardbook_id=?
Hibernate: select user0_.user_id as user_id1_6_0_, user0_.login_id as login_id2_6_0_, user0_.nickname as nickname3_6_0_, user0_.pw as pw4_6_0_ from user user0_ where user0_.user_id=?
Hibernate: select cardbook0_.cardbook_id as cardbook1_2_0_, cardbook0_.create_date as create_d2_2_0_, cardbook0_.name as name3_2_0_, cardbook0_.scrap_cnt as scrap_cn4_2_0_, cardbook0_.update_date as update_d5_2_0_, cardbook0_.writer as writer6_2_0_ from card_book cardbook0_ where cardbook0_.cardbook_id=?
Hibernate: select cardbook0_.cardbook_id as cardbook1_2_0_, cardbook0_.create_date as create_d2_2_0_, cardbook0_.name as name3_2_0_, cardbook0_.scrap_cnt as scrap_cn4_2_0_, cardbook0_.update_date as update_d5_2_0_, cardbook0_.writer as writer6_2_0_ from card_book cardbook0_ where cardbook0_.cardbook_id=?
정보보안기사
정보처리기사
정보처리기사
]]></system-out>
  <system-err><![CDATA[]]></system-err>
</testsuite>
